<?xml version="1.0" encoding="UTF-8"?>
<testsuite name="org.nbody.NbodyServiceTest" tests="2" skipped="0" failures="2" errors="0" timestamp="2025-03-03T09:47:05" hostname="MacBook-Pro-de-Hugo.local" time="0.028">
  <properties/>
  <testcase name="addBody()" classname="org.nbody.NbodyServiceTest" time="0.025">
    <failure message="java.lang.NullPointerException: Cannot invoke &quot;org.nbody.services.MQTTService.sendBodies(String)&quot; because &quot;this.mqttService&quot; is null" type="java.lang.NullPointerException">java.lang.NullPointerException: Cannot invoke &quot;org.nbody.services.MQTTService.sendBodies(String)&quot; because &quot;this.mqttService&quot; is null
	at org.nbody.services.NBodyService.publishBodies(NBodyService.java:64)
	at org.nbody.services.NBodyService.addBody(NBodyService.java:32)
	at org.nbody.NbodyServiceTest.addBody(NbodyServiceTest.java:31)
	at java.base/java.lang.reflect.Method.invoke(Method.java:580)
	at java.base/java.util.ArrayList.forEach(ArrayList.java:1596)
	at java.base/java.util.ArrayList.forEach(ArrayList.java:1596)
</failure>
  </testcase>
  <testcase name="addNullBody()" classname="org.nbody.NbodyServiceTest" time="0.002">
    <failure message="java.lang.IllegalArgumentException: Body cannot be null" type="java.lang.IllegalArgumentException">java.lang.IllegalArgumentException: Body cannot be null
	at org.nbody.services.NBodyService.addBody(NBodyService.java:26)
	at org.nbody.NbodyServiceTest.addNullBody(NbodyServiceTest.java:37)
	at java.base/java.lang.reflect.Method.invoke(Method.java:580)
	at java.base/java.util.ArrayList.forEach(ArrayList.java:1596)
	at java.base/java.util.ArrayList.forEach(ArrayList.java:1596)
</failure>
  </testcase>
  <system-out><![CDATA[]]></system-out>
  <system-err><![CDATA[]]></system-err>
</testsuite>
