<?xml version="1.0" encoding="UTF-8"?>
<testsuite name="org.nbody.SimulationTest" tests="2" skipped="0" failures="1" errors="0" timestamp="2025-03-03T10:56:56" hostname="puyfages-HP-Pavilion-Plus-Laptop-14-eh0xxx" time="1.452">
  <properties/>
  <testcase name="updateSimulationWithDifferentBodies()" classname="org.nbody.SimulationTest" time="1.439"/>
  <testcase name="updateSimulationBodiesSamePosition()" classname="org.nbody.SimulationTest" time="0.011">
    <failure message="org.opentest4j.AssertionFailedError: expected: &lt;0.0&gt; but was: &lt;10.0&gt;" type="org.opentest4j.AssertionFailedError">org.opentest4j.AssertionFailedError: expected: &lt;0.0&gt; but was: &lt;10.0&gt;
	at app//org.junit.jupiter.api.AssertionFailureBuilder.build(AssertionFailureBuilder.java:151)
	at app//org.junit.jupiter.api.AssertionFailureBuilder.buildAndThrow(AssertionFailureBuilder.java:132)
	at app//org.junit.jupiter.api.AssertEquals.failNotEqual(AssertEquals.java:197)
	at app//org.junit.jupiter.api.AssertEquals.assertEquals(AssertEquals.java:86)
	at app//org.junit.jupiter.api.AssertEquals.assertEquals(AssertEquals.java:81)
	at app//org.junit.jupiter.api.Assertions.assertEquals(Assertions.java:1014)
	at app//org.nbody.SimulationTest.updateSimulationBodiesSamePosition(SimulationTest.java:76)
	at java.base@21.0.6/java.lang.reflect.Method.invoke(Method.java:580)
	at java.base@21.0.6/java.util.ArrayList.forEach(ArrayList.java:1596)
	at java.base@21.0.6/java.util.ArrayList.forEach(ArrayList.java:1596)
</failure>
  </testcase>
  <system-out><![CDATA[]]></system-out>
  <system-err><![CDATA[Mockito is currently self-attaching to enable the inline-mock-maker. This will no longer work in future releases of the JDK. Please add Mockito as an agent to your build as described in Mockito's documentation: https://javadoc.io/doc/org.mockito/mockito-core/latest/org/mockito/Mockito.html#0.3
WARNING: A Java agent has been loaded dynamically (/home/puyfages/.gradle/caches/modules-2/files-2.1/net.bytebuddy/byte-buddy-agent/1.15.11/a38b16385e867f59a641330f0362ebe742788ed8/byte-buddy-agent-1.15.11.jar)
WARNING: If a serviceability tool is in use, please run with -XX:+EnableDynamicAgentLoading to hide this warning
WARNING: If a serviceability tool is not in use, please run with -Djdk.instrument.traceUsage for more information
WARNING: Dynamic loading of agents will be disallowed by default in a future release
]]></system-err>
</testsuite>
