<?xml version="1.0" encoding="UTF-8"?>
<testsuite name="org.nbody.NbodyServiceTest" tests="6" skipped="0" failures="0" errors="0" timestamp="2025-03-03T10:56:56" hostname="puyfages-HP-Pavilion-Plus-Laptop-14-eh0xxx" time="0.034">
  <properties/>
  <testcase name="deleteBodyWithOutOfRange()" classname="org.nbody.NbodyServiceTest" time="0.025"/>
  <testcase name="addBody()" classname="org.nbody.NbodyServiceTest" time="0.002"/>
  <testcase name="deleteAllBodies()" classname="org.nbody.NbodyServiceTest" time="0.001"/>
  <testcase name="addNullBody()" classname="org.nbody.NbodyServiceTest" time="0.002"/>
  <testcase name="deleteBodyWithNegativeIndex()" classname="org.nbody.NbodyServiceTest" time="0.0"/>
  <testcase name="deleteBody()" classname="org.nbody.NbodyServiceTest" time="0.0"/>
  <system-out><![CDATA[]]></system-out>
  <system-err><![CDATA[]]></system-err>
</testsuite>
